<?xml version="1.0" encoding="UTF-8"?>
<!-- Generated by org.testng.reporters.JUnitXMLReporter -->
<testsuite ignored="7" hostname="CC-Girish" failures="0" tests="1" name="Default test" time="1.987" errors="0" timestamp="2023-03-22T11:14:30 EDT">
  <testcase classname="com.api.tests.Get" name="getBooking" time="1.928"/>
  <testcase classname="com.api.tests.Get" name="getXmlResponse" time="0.0">
    <ignored/>
  </testcase> <!-- getXmlResponse -->
  <testcase classname="com.api.tests.Get" name="lazyTest" time="0.0">
    <ignored/>
  </testcase> <!-- lazyTest -->
  <testcase classname="com.api.tests.Get" name="getTestWithParams" time="0.0">
    <ignored/>
  </testcase> <!-- getTestWithParams -->
  <testcase classname="com.api.tests.Get" name="grabbingOtherResponseParameters" time="0.0">
    <ignored/>
  </testcase> <!-- grabbingOtherResponseParameters -->
  <testcase classname="com.api.tests.Get" name="getCookiesFromResponse" time="0.0">
    <ignored/>
  </testcase> <!-- getCookiesFromResponse -->
  <testcase classname="com.api.tests.Get" name="getTestXpath" time="0.0">
    <ignored/>
  </testcase> <!-- getTestXpath -->
  <testcase classname="com.api.tests.Get" name="getTest" time="0.0">
    <ignored/>
  </testcase> <!-- getTest -->
</testsuite> <!-- Default test -->
