<?xml version="1.0" encoding="UTF-8"?>
<testng-results ignored="7" total="8" passed="1" failed="0" skipped="0">
  <reporter-output>
  </reporter-output>
  <suite started-at="2023-03-22T11:14:28 EDT" name="Default suite" finished-at="2023-03-22T11:14:30 EDT" duration-ms="1987">
    <groups>
    </groups>
    <test started-at="2023-03-22T11:14:28 EDT" name="Default test" finished-at="2023-03-22T11:14:30 EDT" duration-ms="1987">
      <class name="com.api.tests.Get">
        <test-method signature="getBooking()[pri:0, instance:com.api.tests.Get@6b81ce95]" started-at="2023-03-22T11:14:28 EDT" name="getBooking" finished-at="2023-03-22T11:14:30 EDT" duration-ms="1928" status="PASS">
          <reporter-output>
          </reporter-output>
        </test-method> <!-- getBooking -->
      </class> <!-- com.api.tests.Get -->
    </test> <!-- Default test -->
  </suite> <!-- Default suite -->
</testng-results>
